::1 - - [23/Jul/2020:03:26:30 +0000] "GET /api/v1/categories HTTP/1.1" 200 94 "-" "PostmanRuntime/7.25.0"
::1 - - [23/Jul/2020:03:26:45 +0000] "GET /api/v1/categories/5e90434cd433fa11b078ed8a HTTP/1.1" 500 84 "-" "PostmanRuntime/7.25.0"
::1 - - [23/Jul/2020:03:27:11 +0000] "POST /api/v1/categories HTTP/1.1" 500 117 "-" "PostmanRuntime/7.25.0"
::1 - - [23/Jul/2020:03:27:29 +0000] "POST /api/v1/users/login HTTP/1.1" 200 444 "-" "PostmanRuntime/7.25.0"
::1 - - [23/Jul/2020:03:27:39 +0000] "GET /api/v1/categories HTTP/1.1" 200 94 "-" "PostmanRuntime/7.25.0"
::1 - - [23/Jul/2020:03:30:01 +0000] "GET /api/v1/categories HTTP/1.1" 200 1419 "-" "PostmanRuntime/7.25.0"
::1 - - [23/Jul/2020:03:30:11 +0000] "GET /api/v1/books HTTP/1.1" 200 10533 "-" "PostmanRuntime/7.25.0"
::1 - - [23/Jul/2020:06:17:05 +0000] "GET /favicon.ico HTTP/1.1" 404 150 "http://localhost:8000/" "Mozilla/5.0 (Windows NT 10.0; Win64; x64) AppleWebKit/537.36 (KHTML, like Gecko) Chrome/84.0.4147.89 Safari/537.36"
::1 - - [23/Jul/2020:06:22:45 +0000] "GET //api/v1/categories HTTP/1.1" 404 157 "-" "PostmanRuntime/7.26.2"
::1 - - [23/Jul/2020:06:23:19 +0000] "POST //api/v1/users/login HTTP/1.1" 404 159 "-" "PostmanRuntime/7.26.2"
::1 - - [23/Jul/2020:06:26:40 +0000] "GET //api/v1/books HTTP/1.1" 404 152 "-" "PostmanRuntime/7.26.2"
::1 - - [23/Jul/2020:06:28:55 +0000] "GET //api/v1/books HTTP/1.1" 404 152 "-" "PostmanRuntime/7.26.2"
::1 - - [23/Jul/2020:06:29:09 +0000] "GET //api/v1/categories HTTP/1.1" 404 157 "-" "PostmanRuntime/7.26.2"
::1 - - [23/Jul/2020:06:59:03 +0000] "GET //api/v1/categories HTTP/1.1" 404 157 "-" "PostmanRuntime/7.26.2"
::1 - - [23/Jul/2020:07:00:04 +0000] "GET /api/v1/categories HTTP/1.1" 200 1419 "-" "Mozilla/5.0 (Windows NT 10.0; Win64; x64) AppleWebKit/537.36 (KHTML, like Gecko) Chrome/84.0.4147.89 Safari/537.36"
::1 - - [23/Jul/2020:07:00:10 +0000] "GET /api/v1/categories HTTP/1.1" 200 1419 "-" "PostmanRuntime/7.26.2"
::1 - - [23/Jul/2020:07:00:51 +0000] "GET /api/v1/categories HTTP/1.1" 200 1419 "-" "PostmanRuntime/7.26.2"
::1 - - [23/Jul/2020:07:01:07 +0000] "GET /api/v1/categories HTTP/1.1" 200 1419 "-" "PostmanRuntime/7.26.2"
::1 - - [23/Jul/2020:07:01:09 +0000] "GET /api/v1/categories HTTP/1.1" 200 1419 "-" "PostmanRuntime/7.26.2"
::1 - - [23/Jul/2020:07:01:14 +0000] "GET /api/v1/categories/5e90434cd433fa11b078ed8a HTTP/1.1" 500 84 "-" "PostmanRuntime/7.26.2"
::1 - - [23/Jul/2020:07:01:24 +0000] "GET /api/v1/categories/5e90434cd433fa11b078ed8a HTTP/1.1" 500 84 "-" "PostmanRuntime/7.26.2"
::1 - - [23/Jul/2020:07:01:39 +0000] "GET /api/v1/books HTTP/1.1" 200 10533 "-" "PostmanRuntime/7.26.2"
::1 - - [23/Jul/2020:07:01:56 +0000] "GET /api/v1/books/5f190411ea55fc3d883a670e HTTP/1.1" 200 1856 "-" "PostmanRuntime/7.26.2"
::1 - - [23/Jul/2020:07:02:27 +0000] "POST /api/v1/users/register HTTP/1.1" 200 440 "-" "PostmanRuntime/7.26.2"
::1 - - [23/Jul/2020:07:14:43 +0000] "DELETE /api/v1/books/5e9d481d01d2c0386862d04b HTTP/1.1" 403 150 "-" "PostmanRuntime/7.26.2"
::1 - - [23/Jul/2020:07:15:35 +0000] "POST /api/v1/users/login HTTP/1.1" 200 444 "-" "PostmanRuntime/7.26.2"
::1 - - [23/Jul/2020:07:15:45 +0000] "DELETE /api/v1/books/5e9d481d01d2c0386862d04b HTTP/1.1" 404 125 "-" "PostmanRuntime/7.26.2"
::1 - - [23/Jul/2020:07:15:52 +0000] "GET /api/v1/books HTTP/1.1" 200 10533 "-" "PostmanRuntime/7.26.2"
::1 - - [23/Jul/2020:07:16:03 +0000] "DELETE /api/v1/books/5f190411ea55fc3d883a670e HTTP/1.1" 200 1884 "-" "PostmanRuntime/7.26.2"
::1 - - [23/Jul/2020:07:16:11 +0000] "GET /api/v1/books HTTP/1.1" 200 10842 "-" "PostmanRuntime/7.26.2"
::1 - - [23/Jul/2020:07:16:20 +0000] "GET /api/v1/categories/5e90434cd433fa11b078ed8a HTTP/1.1" 500 84 "-" "PostmanRuntime/7.26.2"
::1 - - [23/Jul/2020:07:16:24 +0000] "GET /api/v1/categories HTTP/1.1" 200 1432 "-" "PostmanRuntime/7.26.2"
::1 - - [23/Jul/2020:07:16:30 +0000] "GET /api/v1/categories/5e90434cd433fa11b078ed8a HTTP/1.1" 500 84 "-" "PostmanRuntime/7.26.2"
::1 - - [23/Jul/2020:07:17:33 +0000] "GET /api/v1/categories/5e90434cd433fa11b078ed8a HTTP/1.1" 200 8897 "-" "PostmanRuntime/7.26.2"
::1 - - [23/Jul/2020:07:17:42 +0000] "PUT /api/v1/books/5eb6cd731f65902be0da1d89 HTTP/1.1" 400 122 "-" "PostmanRuntime/7.26.2"
::1 - - [23/Jul/2020:07:17:46 +0000] "GET /api/v1/books HTTP/1.1" 200 10842 "-" "PostmanRuntime/7.26.2"
::1 - - [23/Jul/2020:07:18:05 +0000] "GET /api/v1/books/5f190411ea55fc3d883a670f HTTP/1.1" 200 1939 "-" "PostmanRuntime/7.26.2"
::1 - - [23/Jul/2020:07:18:15 +0000] "GET /api/v1/categories?select=name%20averagePrice%20averageRating&sort=averageRating%20-averagePrice&limit=3&page=1 HTTP/1.1" 200 524 "-" "PostmanRuntime/7.26.2"
::1 - - [23/Jul/2020:07:18:24 +0000] "GET /api/v1/categories/5e90434cd433fa11b078ed8a/books?select=name%20price&sort=-price&price[$lt]=30000&page=1 HTTP/1.1" 500 288 "-" "PostmanRuntime/7.26.2"
::1 - - [23/Jul/2020:07:18:47 +0000] "GET /api/v1/categories?select=name%20averagePrice%20averageRating&sort=averageRating%20-averagePrice&limit=3&page=1 HTTP/1.1" 200 524 "-" "PostmanRuntime/7.26.2"
::1 - - [23/Jul/2020:07:19:17 +0000] "GET /api/v1/categories?select=name%20averagePrice%20averageRating&sort=-averageRating%20-averagePrice&limit=3&page=1 HTTP/1.1" 200 526 "-" "PostmanRuntime/7.26.2"
::1 - - [23/Jul/2020:07:19:28 +0000] "GET /api/v1/categories?select=name%20averagePrice%20averageRating&sort=-averageRating%20averagePrice&limit=3&page=1 HTTP/1.1" 200 526 "-" "PostmanRuntime/7.26.2"
::1 - - [02/May/2025:15:40:07 +0000] "GET /api/v1/categories HTTP/1.1" 200 94 "-" "PostmanRuntime/7.43.4"
::1 - - [02/May/2025:15:44:19 +0000] "GET /favicon.ico HTTP/1.1" 404 150 "http://localhost:8000/" "Mozilla/5.0 (Windows NT 10.0; Win64; x64) AppleWebKit/537.36 (KHTML, like Gecko) Chrome/136.0.0.0 Safari/537.36"
::1 - - [02/May/2025:15:44:43 +0000] "GET /api/v1/books HTTP/1.1" 200 103 "-" "Mozilla/5.0 (Windows NT 10.0; Win64; x64) AppleWebKit/537.36 (KHTML, like Gecko) Chrome/136.0.0.0 Safari/537.36"
::1 - - [02/May/2025:15:44:51 +0000] "GET /api/v1/books HTTP/1.1" 200 103 "-" "PostmanRuntime/7.43.4"
::1 - - [02/May/2025:15:44:56 +0000] "POST /api/v1/books/ HTTP/1.1" 400 124 "-" "PostmanRuntime/7.43.4"
::1 - - [02/May/2025:15:45:05 +0000] "POST /api/v1/categories HTTP/1.1" 200 564 "-" "PostmanRuntime/7.43.4"
::1 - - [02/May/2025:15:45:12 +0000] "GET /api/v1/categories HTTP/1.1" 200 634 "-" "PostmanRuntime/7.43.4"
::1 - - [02/May/2025:15:45:20 +0000] "GET /api/v1/books HTTP/1.1" 200 103 "-" "PostmanRuntime/7.43.4"
::1 - - [02/May/2025:15:45:27 +0000] "POST /api/v1/books/ HTTP/1.1" 200 792 "-" "PostmanRuntime/7.43.4"
::1 - - [02/May/2025:15:45:30 +0000] "GET /api/v1/books HTTP/1.1" 200 947 "-" "PostmanRuntime/7.43.4"
::1 - - [02/May/2025:15:45:33 +0000] "GET /api/v1/books HTTP/1.1" 200 947 "-" "Mozilla/5.0 (Windows NT 10.0; Win64; x64) AppleWebKit/537.36 (KHTML, like Gecko) Chrome/136.0.0.0 Safari/537.36"
